This file contains any messages produced by compilers while
running configure, to aid debugging if configure makes a mistake.

It was created by avermore configure 1.4.1, which was
generated by GNU Autoconf 2.69.  Invocation command line was

  $ ./configure 

## --------- ##
## Platform. ##
## --------- ##

hostname = wsminer3
uname -m = x86_64
uname -r = 4.15.0-30-generic
uname -s = Linux
uname -v = #32~16.04.1-Ubuntu SMP Thu Jul 26 20:25:39 UTC 2018

/usr/bin/uname -p = unknown
/bin/uname -X     = unknown

/bin/arch              = unknown
/usr/bin/arch -k       = unknown
/usr/convex/getsysinfo = unknown
/usr/bin/hostinfo      = unknown
/bin/machine           = unknown
/usr/bin/oslevel       = unknown
/bin/universe          = unknown

PATH: /usr/local/sbin
PATH: /usr/local/bin
PATH: /usr/sbin
PATH: /usr/bin
PATH: /sbin
PATH: /bin
PATH: /snap/bin


## ----------- ##
## Core tests. ##
## ----------- ##

configure:2806: checking build system type
configure:2820: result: x86_64-pc-linux-gnu
configure:2840: checking host system type
configure:2853: result: x86_64-pc-linux-gnu
configure:2873: checking target system type
configure:2886: result: x86_64-pc-linux-gnu
configure:2934: checking for a BSD-compatible install
configure:3002: result: /usr/bin/install -c
configure:3013: checking whether build environment is sane
configure:3068: result: yes
configure:3219: checking for a thread-safe mkdir -p
configure:3258: result: /bin/mkdir -p
configure:3266: checking for gawk
configure:3282: found /usr/bin/gawk
configure:3293: result: gawk
configure:3304: checking whether make sets $(MAKE)
configure:3326: result: yes
configure:3355: checking whether make supports nested variables
configure:3372: result: yes
configure:3509: checking whether make supports nested variables
configure:3526: result: yes
configure:3549: checking for style of include used by make
configure:3577: result: GNU
configure:3648: checking for gcc
configure:3664: found /usr/bin/gcc
configure:3675: result: gcc
configure:3904: checking for C compiler version
configure:3913: gcc --version >&5
gcc (Ubuntu 5.4.0-6ubuntu1~16.04.10) 5.4.0 20160609
Copyright (C) 2015 Free Software Foundation, Inc.
This is free software; see the source for copying conditions.  There is NO
warranty; not even for MERCHANTABILITY or FITNESS FOR A PARTICULAR PURPOSE.

configure:3924: $? = 0
configure:3913: gcc -v >&5
Using built-in specs.
COLLECT_GCC=gcc
COLLECT_LTO_WRAPPER=/usr/lib/gcc/x86_64-linux-gnu/5/lto-wrapper
Target: x86_64-linux-gnu
Configured with: ../src/configure -v --with-pkgversion='Ubuntu 5.4.0-6ubuntu1~16.04.10' --with-bugurl=file:///usr/share/doc/gcc-5/README.Bugs --enable-languages=c,ada,c++,java,go,d,fortran,objc,obj-c++ --prefix=/usr --program-suffix=-5 --enable-shared --enable-linker-build-id --libexecdir=/usr/lib --without-included-gettext --enable-threads=posix --libdir=/usr/lib --enable-nls --with-sysroot=/ --enable-clocale=gnu --enable-libstdcxx-debug --enable-libstdcxx-time=yes --with-default-libstdcxx-abi=new --enable-gnu-unique-object --disable-vtable-verify --enable-libmpx --enable-plugin --with-system-zlib --disable-browser-plugin --enable-java-awt=gtk --enable-gtk-cairo --with-java-home=/usr/lib/jvm/java-1.5.0-gcj-5-amd64/jre --enable-java-home --with-jvm-root-dir=/usr/lib/jvm/java-1.5.0-gcj-5-amd64 --with-jvm-jar-dir=/usr/lib/jvm-exports/java-1.5.0-gcj-5-amd64 --with-arch-directory=amd64 --with-ecj-jar=/usr/share/java/eclipse-ecj.jar --enable-objc-gc --enable-multiarch --disable-werror --with-arch-32=i686 --with-abi=m64 --with-multilib-list=m32,m64,mx32 --enable-multilib --with-tune=generic --enable-checking=release --build=x86_64-linux-gnu --host=x86_64-linux-gnu --target=x86_64-linux-gnu
Thread model: posix
gcc version 5.4.0 20160609 (Ubuntu 5.4.0-6ubuntu1~16.04.10) 
configure:3924: $? = 0
configure:3913: gcc -V >&5
gcc: error: unrecognized command line option '-V'
gcc: fatal error: no input files
compilation terminated.
configure:3924: $? = 1
configure:3913: gcc -qversion >&5
gcc: error: unrecognized command line option '-qversion'
gcc: fatal error: no input files
compilation terminated.
configure:3924: $? = 1
configure:3944: checking whether the C compiler works
configure:3966: gcc    conftest.c  >&5
configure:3970: $? = 0
configure:4018: result: yes
configure:4021: checking for C compiler default output file name
configure:4023: result: a.out
configure:4029: checking for suffix of executables
configure:4036: gcc -o conftest    conftest.c  >&5
configure:4040: $? = 0
configure:4062: result: 
configure:4084: checking whether we are cross compiling
configure:4092: gcc -o conftest    conftest.c  >&5
configure:4096: $? = 0
configure:4103: ./conftest
configure:4107: $? = 0
configure:4122: result: no
configure:4127: checking for suffix of object files
configure:4149: gcc -c   conftest.c >&5
configure:4153: $? = 0
configure:4174: result: o
configure:4178: checking whether we are using the GNU C compiler
configure:4197: gcc -c   conftest.c >&5
configure:4197: $? = 0
configure:4206: result: yes
configure:4215: checking whether gcc accepts -g
configure:4235: gcc -c -g  conftest.c >&5
configure:4235: $? = 0
configure:4276: result: yes
configure:4293: checking for gcc option to accept ISO C89
configure:4356: gcc  -c -g -O2  conftest.c >&5
configure:4356: $? = 0
configure:4369: result: none needed
configure:4394: checking whether gcc understands -c and -o together
configure:4416: gcc -c conftest.c -o conftest2.o
configure:4419: $? = 0
configure:4416: gcc -c conftest.c -o conftest2.o
configure:4419: $? = 0
configure:4431: result: yes
configure:4450: checking dependency style of gcc
configure:4561: result: gcc3
configure:4582: checking how to run the C preprocessor
configure:4613: gcc -E  conftest.c
configure:4613: $? = 0
configure:4627: gcc -E  conftest.c
conftest.c:11:28: fatal error: ac_nonexistent.h: No such file or directory
compilation terminated.
configure:4627: $? = 1
configure: failed program was:
| /* confdefs.h */
| #define PACKAGE_NAME "avermore"
| #define PACKAGE_TARNAME "avermore"
| #define PACKAGE_VERSION "1.4.1"
| #define PACKAGE_STRING "avermore 1.4.1"
| #define PACKAGE_BUGREPORT ""
| #define PACKAGE_URL "https://github.com/brian112358/avermore-miner"
| #define PACKAGE "avermore"
| #define VERSION "1.4.1"
| /* end confdefs.h.  */
| #include <ac_nonexistent.h>
configure:4652: result: gcc -E
configure:4672: gcc -E  conftest.c
configure:4672: $? = 0
configure:4686: gcc -E  conftest.c
conftest.c:11:28: fatal error: ac_nonexistent.h: No such file or directory
compilation terminated.
configure:4686: $? = 1
configure: failed program was:
| /* confdefs.h */
| #define PACKAGE_NAME "avermore"
| #define PACKAGE_TARNAME "avermore"
| #define PACKAGE_VERSION "1.4.1"
| #define PACKAGE_STRING "avermore 1.4.1"
| #define PACKAGE_BUGREPORT ""
| #define PACKAGE_URL "https://github.com/brian112358/avermore-miner"
| #define PACKAGE "avermore"
| #define VERSION "1.4.1"
| /* end confdefs.h.  */
| #include <ac_nonexistent.h>
configure:4715: checking for grep that handles long lines and -e
configure:4773: result: /bin/grep
configure:4778: checking for egrep
configure:4840: result: /bin/grep -E
configure:4845: checking for ANSI C header files
configure:4865: gcc -c -g -O2  conftest.c >&5
configure:4865: $? = 0
configure:4938: gcc -o conftest -g -O2   conftest.c  >&5
configure:4938: $? = 0
configure:4938: ./conftest
configure:4938: $? = 0
configure:4949: result: yes
configure:4962: checking for sys/types.h
configure:4962: gcc -c -g -O2  conftest.c >&5
configure:4962: $? = 0
configure:4962: result: yes
configure:4962: checking for sys/stat.h
configure:4962: gcc -c -g -O2  conftest.c >&5
configure:4962: $? = 0
configure:4962: result: yes
configure:4962: checking for stdlib.h
configure:4962: gcc -c -g -O2  conftest.c >&5
configure:4962: $? = 0
configure:4962: result: yes
configure:4962: checking for string.h
configure:4962: gcc -c -g -O2  conftest.c >&5
configure:4962: $? = 0
configure:4962: result: yes
configure:4962: checking for memory.h
configure:4962: gcc -c -g -O2  conftest.c >&5
configure:4962: $? = 0
configure:4962: result: yes
configure:4962: checking for strings.h
configure:4962: gcc -c -g -O2  conftest.c >&5
configure:4962: $? = 0
configure:4962: result: yes
configure:4962: checking for inttypes.h
configure:4962: gcc -c -g -O2  conftest.c >&5
configure:4962: $? = 0
configure:4962: result: yes
configure:4962: checking for stdint.h
configure:4962: gcc -c -g -O2  conftest.c >&5
configure:4962: $? = 0
configure:4962: result: yes
configure:4962: checking for unistd.h
configure:4962: gcc -c -g -O2  conftest.c >&5
configure:4962: $? = 0
configure:4962: result: yes
configure:4977: checking minix/config.h usability
configure:4977: gcc -c -g -O2  conftest.c >&5
conftest.c:54:26: fatal error: minix/config.h: No such file or directory
compilation terminated.
configure:4977: $? = 1
configure: failed program was:
| /* confdefs.h */
| #define PACKAGE_NAME "avermore"
| #define PACKAGE_TARNAME "avermore"
| #define PACKAGE_VERSION "1.4.1"
| #define PACKAGE_STRING "avermore 1.4.1"
| #define PACKAGE_BUGREPORT ""
| #define PACKAGE_URL "https://github.com/brian112358/avermore-miner"
| #define PACKAGE "avermore"
| #define VERSION "1.4.1"
| #define STDC_HEADERS 1
| #define HAVE_SYS_TYPES_H 1
| #define HAVE_SYS_STAT_H 1
| #define HAVE_STDLIB_H 1
| #define HAVE_STRING_H 1
| #define HAVE_MEMORY_H 1
| #define HAVE_STRINGS_H 1
| #define HAVE_INTTYPES_H 1
| #define HAVE_STDINT_H 1
| #define HAVE_UNISTD_H 1
| /* end confdefs.h.  */
| #include <stdio.h>
| #ifdef HAVE_SYS_TYPES_H
| # include <sys/types.h>
| #endif
| #ifdef HAVE_SYS_STAT_H
| # include <sys/stat.h>
| #endif
| #ifdef STDC_HEADERS
| # include <stdlib.h>
| # include <stddef.h>
| #else
| # ifdef HAVE_STDLIB_H
| #  include <stdlib.h>
| # endif
| #endif
| #ifdef HAVE_STRING_H
| # if !defined STDC_HEADERS && defined HAVE_MEMORY_H
| #  include <memory.h>
| # endif
| # include <string.h>
| #endif
| #ifdef HAVE_STRINGS_H
| # include <strings.h>
| #endif
| #ifdef HAVE_INTTYPES_H
| # include <inttypes.h>
| #endif
| #ifdef HAVE_STDINT_H
| # include <stdint.h>
| #endif
| #ifdef HAVE_UNISTD_H
| # include <unistd.h>
| #endif
| #include <minix/config.h>
configure:4977: result: no
configure:4977: checking minix/config.h presence
configure:4977: gcc -E  conftest.c
conftest.c:21:26: fatal error: minix/config.h: No such file or directory
compilation terminated.
configure:4977: $? = 1
configure: failed program was:
| /* confdefs.h */
| #define PACKAGE_NAME "avermore"
| #define PACKAGE_TARNAME "avermore"
| #define PACKAGE_VERSION "1.4.1"
| #define PACKAGE_STRING "avermore 1.4.1"
| #define PACKAGE_BUGREPORT ""
| #define PACKAGE_URL "https://github.com/brian112358/avermore-miner"
| #define PACKAGE "avermore"
| #define VERSION "1.4.1"
| #define STDC_HEADERS 1
| #define HAVE_SYS_TYPES_H 1
| #define HAVE_SYS_STAT_H 1
| #define HAVE_STDLIB_H 1
| #define HAVE_STRING_H 1
| #define HAVE_MEMORY_H 1
| #define HAVE_STRINGS_H 1
| #define HAVE_INTTYPES_H 1
| #define HAVE_STDINT_H 1
| #define HAVE_UNISTD_H 1
| /* end confdefs.h.  */
| #include <minix/config.h>
configure:4977: result: no
configure:4977: checking for minix/config.h
configure:4977: result: no
configure:5006: checking whether it is safe to define __EXTENSIONS__
configure:5024: gcc -c -g -O2  conftest.c >&5
configure:5024: $? = 0
configure:5031: result: yes
configure:5050: checking whether to enable maintainer-specific portions of Makefiles
configure:5059: result: no
configure:5121: checking for gcc
configure:5148: result: gcc
configure:5377: checking for C compiler version
configure:5386: gcc --version >&5
gcc (Ubuntu 5.4.0-6ubuntu1~16.04.10) 5.4.0 20160609
Copyright (C) 2015 Free Software Foundation, Inc.
This is free software; see the source for copying conditions.  There is NO
warranty; not even for MERCHANTABILITY or FITNESS FOR A PARTICULAR PURPOSE.

configure:5397: $? = 0
configure:5386: gcc -v >&5
Using built-in specs.
COLLECT_GCC=gcc
COLLECT_LTO_WRAPPER=/usr/lib/gcc/x86_64-linux-gnu/5/lto-wrapper
Target: x86_64-linux-gnu
Configured with: ../src/configure -v --with-pkgversion='Ubuntu 5.4.0-6ubuntu1~16.04.10' --with-bugurl=file:///usr/share/doc/gcc-5/README.Bugs --enable-languages=c,ada,c++,java,go,d,fortran,objc,obj-c++ --prefix=/usr --program-suffix=-5 --enable-shared --enable-linker-build-id --libexecdir=/usr/lib --without-included-gettext --enable-threads=posix --libdir=/usr/lib --enable-nls --with-sysroot=/ --enable-clocale=gnu --enable-libstdcxx-debug --enable-libstdcxx-time=yes --with-default-libstdcxx-abi=new --enable-gnu-unique-object --disable-vtable-verify --enable-libmpx --enable-plugin --with-system-zlib --disable-browser-plugin --enable-java-awt=gtk --enable-gtk-cairo --with-java-home=/usr/lib/jvm/java-1.5.0-gcj-5-amd64/jre --enable-java-home --with-jvm-root-dir=/usr/lib/jvm/java-1.5.0-gcj-5-amd64 --with-jvm-jar-dir=/usr/lib/jvm-exports/java-1.5.0-gcj-5-amd64 --with-arch-directory=amd64 --with-ecj-jar=/usr/share/java/eclipse-ecj.jar --enable-objc-gc --enable-multiarch --disable-werror --with-arch-32=i686 --with-abi=m64 --with-multilib-list=m32,m64,mx32 --enable-multilib --with-tune=generic --enable-checking=release --build=x86_64-linux-gnu --host=x86_64-linux-gnu --target=x86_64-linux-gnu
Thread model: posix
gcc version 5.4.0 20160609 (Ubuntu 5.4.0-6ubuntu1~16.04.10) 
configure:5397: $? = 0
configure:5386: gcc -V >&5
gcc: error: unrecognized command line option '-V'
gcc: fatal error: no input files
compilation terminated.
configure:5397: $? = 1
configure:5386: gcc -qversion >&5
gcc: error: unrecognized command line option '-qversion'
gcc: fatal error: no input files
compilation terminated.
configure:5397: $? = 1
configure:5401: checking whether we are using the GNU C compiler
configure:5429: result: yes
configure:5438: checking whether gcc accepts -g
configure:5499: result: yes
configure:5516: checking for gcc option to accept ISO C89
configure:5592: result: none needed
configure:5617: checking whether gcc understands -c and -o together
configure:5654: result: yes
configure:5673: checking dependency style of gcc
configure:5784: result: gcc3
configure:5842: checking for ranlib
configure:5858: found /usr/bin/ranlib
configure:5869: result: ranlib
configure:5917: checking whether gcc needs -traditional
configure:5951: result: no
configure:6005: checking how to print strings
configure:6032: result: printf
configure:6053: checking for a sed that does not truncate output
configure:6117: result: /bin/sed
configure:6135: checking for fgrep
configure:6197: result: /bin/grep -F
configure:6232: checking for ld used by gcc
configure:6299: result: /usr/bin/ld
configure:6306: checking if the linker (/usr/bin/ld) is GNU ld
configure:6321: result: yes
configure:6333: checking for BSD- or MS-compatible name lister (nm)
configure:6387: result: /usr/bin/nm -B
configure:6517: checking the name lister (/usr/bin/nm -B) interface
configure:6524: gcc -c -g -O2  conftest.c >&5
configure:6527: /usr/bin/nm -B "conftest.o"
configure:6530: output
0000000000000000 B some_variable
configure:6537: result: BSD nm
configure:6540: checking whether ln -s works
configure:6544: result: yes
configure:6552: checking the maximum length of command line arguments
configure:6683: result: 1572864
configure:6731: checking how to convert x86_64-pc-linux-gnu file names to x86_64-pc-linux-gnu format
configure:6771: result: func_convert_file_noop
configure:6778: checking how to convert x86_64-pc-linux-gnu file names to toolchain format
configure:6798: result: func_convert_file_noop
configure:6805: checking for /usr/bin/ld option to reload object files
configure:6812: result: -r
configure:6886: checking for objdump
configure:6902: found /usr/bin/objdump
configure:6913: result: objdump
configure:6945: checking how to recognize dependent libraries
configure:7145: result: pass_all
configure:7230: checking for dlltool
configure:7260: result: no
configure:7290: checking how to associate runtime and link libraries
configure:7317: result: printf %s\n
configure:7377: checking for ar
configure:7393: found /usr/bin/ar
configure:7404: result: ar
configure:7441: checking for archiver @FILE support
configure:7458: gcc -c -g -O2  conftest.c >&5
configure:7458: $? = 0
configure:7461: ar cru libconftest.a @conftest.lst >&5
ar: `u' modifier ignored since `D' is the default (see `U')
configure:7464: $? = 0
configure:7469: ar cru libconftest.a @conftest.lst >&5
ar: `u' modifier ignored since `D' is the default (see `U')
ar: conftest.o: No such file or directory
configure:7472: $? = 1
configure:7484: result: @
configure:7542: checking for strip
configure:7558: found /usr/bin/strip
configure:7569: result: strip
configure:7641: checking for ranlib
configure:7668: result: ranlib
configure:7770: checking command to parse /usr/bin/nm -B output from gcc object
configure:7923: gcc -c -g -O2  conftest.c >&5
configure:7926: $? = 0
configure:7930: /usr/bin/nm -B conftest.o \| sed -n -e 's/^.*[ ]\([ABCDGIRSTW][ABCDGIRSTW]*\)[ ][ ]*\([_A-Za-z][_A-Za-z0-9]*\)$/\1 \2 \2/p' | sed '/ __gnu_lto/d' \> conftest.nm
configure:7933: $? = 0
configure:7999: gcc -o conftest -g -O2   conftest.c conftstm.o >&5
configure:8002: $? = 0
configure:8040: result: ok
configure:8087: checking for sysroot
configure:8117: result: no
configure:8124: checking for a working dd
configure:8162: result: /bin/dd
configure:8166: checking how to truncate binary pipes
configure:8181: result: /bin/dd bs=4096 count=1
configure:8317: gcc -c -g -O2  conftest.c >&5
configure:8320: $? = 0
configure:8510: checking for mt
configure:8526: found /bin/mt
configure:8537: result: mt
configure:8560: checking if mt is a manifest tool
configure:8566: mt '-?'
configure:8574: result: no
configure:9248: checking for dlfcn.h
configure:9248: gcc -c -g -O2  conftest.c >&5
configure:9248: $? = 0
configure:9248: result: yes
configure:9503: checking for objdir
configure:9518: result: .libs
configure:9782: checking if gcc supports -fno-rtti -fno-exceptions
configure:9800: gcc -c -g -O2  -fno-rtti -fno-exceptions conftest.c >&5
cc1: warning: command line option '-fno-rtti' is valid for C++/ObjC++ but not for C
configure:9804: $? = 0
configure:9817: result: no
configure:10175: checking for gcc option to produce PIC
configure:10182: result: -fPIC -DPIC
configure:10190: checking if gcc PIC flag -fPIC -DPIC works
configure:10208: gcc -c -g -O2  -fPIC -DPIC -DPIC conftest.c >&5
configure:10212: $? = 0
configure:10225: result: yes
configure:10254: checking if gcc static flag -static works
configure:10282: result: yes
configure:10297: checking if gcc supports -c -o file.o
configure:10318: gcc -c -g -O2  -o out/conftest2.o conftest.c >&5
configure:10322: $? = 0
configure:10344: result: yes
configure:10352: checking if gcc supports -c -o file.o
configure:10399: result: yes
configure:10432: checking whether the gcc linker (/usr/bin/ld -m elf_x86_64) supports shared libraries
configure:11695: result: yes
configure:11935: checking dynamic linker characteristics
configure:12516: gcc -o conftest -g -O2   -Wl,-rpath -Wl,/foo conftest.c  >&5
configure:12516: $? = 0
configure:12765: result: GNU/Linux ld.so
configure:12887: checking how to hardcode library paths into programs
configure:12912: result: immediate
configure:13460: checking whether stripping libraries is possible
configure:13465: result: yes
configure:13500: checking if libtool supports shared libraries
configure:13502: result: yes
configure:13505: checking whether to build shared libraries
configure:13530: result: no
configure:13533: checking whether to build static libraries
configure:13537: result: yes
configure:13589: checking sys/mman.h usability
configure:13589: gcc -c -g -O2  conftest.c >&5
configure:13589: $? = 0
configure:13589: result: yes
configure:13589: checking sys/mman.h presence
configure:13589: gcc -E  conftest.c
configure:13589: $? = 0
configure:13589: result: yes
configure:13589: checking for sys/mman.h
configure:13589: result: yes
configure:13589: checking wchar.h usability
configure:13589: gcc -c -g -O2  conftest.c >&5
configure:13589: $? = 0
configure:13589: result: yes
configure:13589: checking wchar.h presence
configure:13589: gcc -E  conftest.c
configure:13589: $? = 0
configure:13589: result: yes
configure:13589: checking for wchar.h
configure:13589: result: yes
configure:13589: checking for stdint.h
configure:13589: result: yes
configure:13610: checking for mprotect
configure:13610: gcc -o conftest -g -O2   conftest.c  >&5
configure:13610: $? = 0
configure:13610: result: yes
configure:13610: checking for sigaction
configure:13610: gcc -o conftest -g -O2   conftest.c  >&5
configure:13610: $? = 0
configure:13610: result: yes
configure:13610: checking for sigaltstack
configure:13610: gcc -o conftest -g -O2   conftest.c  >&5
configure:13610: $? = 0
configure:13610: result: yes
configure:13610: checking for siginterrupt
configure:13610: gcc -o conftest -g -O2   conftest.c  >&5
configure:13610: $? = 0
configure:13610: result: yes
configure:13701: checking for mmap
configure:13701: gcc -o conftest -g -O2   conftest.c  >&5
configure:13701: $? = 0
configure:13701: result: yes
configure:13712: checking for MAP_ANONYMOUS
configure:13749: result: yes
configure:13783: checking whether memchr works
configure:13846: gcc -o conftest -g -O2   conftest.c  >&5
configure:13846: $? = 0
configure:13846: ./conftest
configure:13846: $? = 0
configure:13856: result: yes
configure:13864: checking whether memmem is declared
configure:13864: gcc -c -g -O2  conftest.c >&5
configure:13864: $? = 0
configure:13864: result: yes
configure:13882: checking for memmem
configure:13882: gcc -o conftest -g -O2   conftest.c  >&5
configure:13882: $? = 0
configure:13882: result: yes
configure:13906: checking whether memmem works
configure:13970: gcc -o conftest -g -O2   conftest.c  >&5
conftest.c: In function 'main':
conftest.c:54:7: warning: null argument where non-null required (argument 3) [-Wnonnull]
       if (memmem (haystack, 3, NULL, 0) != haystack)
       ^
configure:13970: $? = 0
configure:13970: ./conftest
configure:13970: $? = 0
configure:13981: result: yes
configure:13999: gcc -c -g -O2  conftest.c >&5
conftest.c:39:10: error: unknown type name 'not'
          not a universal capable compiler
          ^
conftest.c:39:16: error: expected '=', ',', ';', 'asm' or '__attribute__' before 'universal'
          not a universal capable compiler
                ^
conftest.c:39:16: error: unknown type name 'universal'
configure:13999: $? = 1
configure: failed program was:
| /* confdefs.h */
| #define PACKAGE_NAME "avermore"
| #define PACKAGE_TARNAME "avermore"
| #define PACKAGE_VERSION "1.4.1"
| #define PACKAGE_STRING "avermore 1.4.1"
| #define PACKAGE_BUGREPORT ""
| #define PACKAGE_URL "https://github.com/brian112358/avermore-miner"
| #define PACKAGE "avermore"
| #define VERSION "1.4.1"
| #define STDC_HEADERS 1
| #define HAVE_SYS_TYPES_H 1
| #define HAVE_SYS_STAT_H 1
| #define HAVE_STDLIB_H 1
| #define HAVE_STRING_H 1
| #define HAVE_MEMORY_H 1
| #define HAVE_STRINGS_H 1
| #define HAVE_INTTYPES_H 1
| #define HAVE_STDINT_H 1
| #define HAVE_UNISTD_H 1
| #define __EXTENSIONS__ 1
| #define _ALL_SOURCE 1
| #define _GNU_SOURCE 1
| #define _POSIX_PTHREAD_SEMANTICS 1
| #define _TANDEM_SOURCE 1
| #define HAVE_DLFCN_H 1
| #define LT_OBJDIR ".libs/"
| #define HAVE_SYS_MMAN_H 1
| #define HAVE_WCHAR_H 1
| #define HAVE_STDINT_H 1
| #define HAVE_MPROTECT 1
| #define HAVE_SIGACTION 1
| #define HAVE_SIGALTSTACK 1
| #define HAVE_SIGINTERRUPT 1
| #define HAVE_MAP_ANONYMOUS 1
| #define HAVE_DECL_MEMMEM 1
| #define HAVE_MEMMEM 1
| /* end confdefs.h.  */
| #ifndef __APPLE_CC__
|          not a universal capable compiler
|         #endif
|         typedef int dummy;
| 
configure:14050: checking for C/C++ restrict keyword
configure:14075: gcc -c -g -O2  conftest.c >&5
configure:14075: $? = 0
configure:14083: result: __restrict
configure:14096: checking for uid_t in sys/types.h
configure:14115: result: yes
configure:14126: checking for inline
configure:14142: gcc -c -g -O2  conftest.c >&5
configure:14142: $? = 0
configure:14150: result: inline
configure:14183: checking whether the preprocessor supports include_next
configure:14221: gcc -c -g -O2  -Iconftestd1b -Iconftestd2 conftest.c >&5
configure:14221: $? = 0
configure:14242: result: yes
configure:14263: checking whether system header files limit the line length
configure:14286: result: no
configure:14300: checking for wchar_t
configure:14317: gcc -c -g -O2  conftest.c >&5
configure:14317: $? = 0
configure:14324: result: yes
configure:14333: checking for unsigned long long int
configure:14372: gcc -o conftest -g -O2   conftest.c  >&5
configure:14372: $? = 0
configure:14381: result: yes
configure:14391: checking for long long int
configure:14429: gcc -o conftest -g -O2   conftest.c  >&5
configure:14429: $? = 0
configure:14429: ./conftest
configure:14429: $? = 0
configure:14441: result: yes
configure:14578: checking whether stdint.h conforms to C99
configure:14749: gcc -c -g -O2  conftest.c >&5
configure:14749: $? = 0
configure:14831: gcc -o conftest -g -O2   conftest.c  >&5
configure:14831: $? = 0
configure:14831: ./conftest
configure:14831: $? = 0
configure:14843: result: yes
configure:15242: checking whether memmem is declared without a macro
configure:15260: gcc -c -g -O2  conftest.c >&5
configure:15260: $? = 0
configure:15268: result: yes
configure:15242: checking whether mempcpy is declared without a macro
configure:15260: gcc -c -g -O2  conftest.c >&5
configure:15260: $? = 0
configure:15268: result: yes
configure:15242: checking whether memrchr is declared without a macro
configure:15260: gcc -c -g -O2  conftest.c >&5
configure:15260: $? = 0
configure:15268: result: yes
configure:15242: checking whether rawmemchr is declared without a macro
configure:15260: gcc -c -g -O2  conftest.c >&5
configure:15260: $? = 0
configure:15268: result: yes
configure:15242: checking whether stpcpy is declared without a macro
configure:15260: gcc -c -g -O2  conftest.c >&5
configure:15260: $? = 0
configure:15268: result: yes
configure:15242: checking whether stpncpy is declared without a macro
configure:15260: gcc -c -g -O2  conftest.c >&5
configure:15260: $? = 0
configure:15268: result: yes
configure:15242: checking whether strchrnul is declared without a macro
configure:15260: gcc -c -g -O2  conftest.c >&5
configure:15260: $? = 0
configure:15268: result: yes
configure:15242: checking whether strdup is declared without a macro
configure:15260: gcc -c -g -O2  conftest.c >&5
configure:15260: $? = 0
configure:15268: result: yes
configure:15242: checking whether strncat is declared without a macro
configure:15260: gcc -c -g -O2  conftest.c >&5
configure:15260: $? = 0
configure:15268: result: yes
configure:15242: checking whether strndup is declared without a macro
configure:15260: gcc -c -g -O2  conftest.c >&5
configure:15260: $? = 0
configure:15268: result: yes
configure:15242: checking whether strnlen is declared without a macro
configure:15260: gcc -c -g -O2  conftest.c >&5
configure:15260: $? = 0
configure:15268: result: yes
configure:15242: checking whether strpbrk is declared without a macro
configure:15260: gcc -c -g -O2  conftest.c >&5
configure:15260: $? = 0
configure:15268: result: yes
configure:15242: checking whether strsep is declared without a macro
configure:15260: gcc -c -g -O2  conftest.c >&5
configure:15260: $? = 0
configure:15268: result: yes
configure:15242: checking whether strcasestr is declared without a macro
configure:15260: gcc -c -g -O2  conftest.c >&5
configure:15260: $? = 0
configure:15268: result: yes
configure:15242: checking whether strtok_r is declared without a macro
configure:15260: gcc -c -g -O2  conftest.c >&5
configure:15260: $? = 0
configure:15268: result: yes
configure:15242: checking whether strerror_r is declared without a macro
configure:15260: gcc -c -g -O2  conftest.c >&5
configure:15260: $? = 0
configure:15268: result: yes
configure:15242: checking whether strsignal is declared without a macro
configure:15260: gcc -c -g -O2  conftest.c >&5
configure:15260: $? = 0
configure:15268: result: yes
configure:15242: checking whether strverscmp is declared without a macro
configure:15260: gcc -c -g -O2  conftest.c >&5
configure:15260: $? = 0
configure:15268: result: yes
configure:15348: checking whether memmem works in linear time
configure:15419: gcc -o conftest -g -O2   conftest.c  >&5
configure:15419: $? = 0
configure:15419: ./conftest
configure:15419: $? = 0
configure:15430: result: yes
configure:15455: checking for memmem
configure:15455: result: yes
configure:15479: checking whether memmem works
configure:15554: result: yes
configure:15600: checking for struct sigaction.sa_sigaction
configure:15600: gcc -c -g -O2  conftest.c >&5
configure:15600: $? = 0
configure:15600: result: yes
configure:15735: checking for volatile sig_atomic_t
configure:15735: gcc -c -g -O2  conftest.c >&5
configure:15735: $? = 0
configure:15735: gcc -c -g -O2  conftest.c >&5
conftest.c: In function 'main':
conftest.c:72:36: error: expected expression before ')' token
 if (sizeof ((volatile sig_atomic_t)))
                                    ^
configure:15735: $? = 1
configure: failed program was:
| /* confdefs.h */
| #define PACKAGE_NAME "avermore"
| #define PACKAGE_TARNAME "avermore"
| #define PACKAGE_VERSION "1.4.1"
| #define PACKAGE_STRING "avermore 1.4.1"
| #define PACKAGE_BUGREPORT ""
| #define PACKAGE_URL "https://github.com/brian112358/avermore-miner"
| #define PACKAGE "avermore"
| #define VERSION "1.4.1"
| #define STDC_HEADERS 1
| #define HAVE_SYS_TYPES_H 1
| #define HAVE_SYS_STAT_H 1
| #define HAVE_STDLIB_H 1
| #define HAVE_STRING_H 1
| #define HAVE_MEMORY_H 1
| #define HAVE_STRINGS_H 1
| #define HAVE_INTTYPES_H 1
| #define HAVE_STDINT_H 1
| #define HAVE_UNISTD_H 1
| #define __EXTENSIONS__ 1
| #define _ALL_SOURCE 1
| #define _GNU_SOURCE 1
| #define _POSIX_PTHREAD_SEMANTICS 1
| #define _TANDEM_SOURCE 1
| #define HAVE_DLFCN_H 1
| #define LT_OBJDIR ".libs/"
| #define HAVE_SYS_MMAN_H 1
| #define HAVE_WCHAR_H 1
| #define HAVE_STDINT_H 1
| #define HAVE_MPROTECT 1
| #define HAVE_SIGACTION 1
| #define HAVE_SIGALTSTACK 1
| #define HAVE_SIGINTERRUPT 1
| #define HAVE_MAP_ANONYMOUS 1
| #define HAVE_DECL_MEMMEM 1
| #define HAVE_MEMMEM 1
| #define restrict __restrict
| #define HAVE_WCHAR_T 1
| #define HAVE_UNSIGNED_LONG_LONG_INT 1
| #define HAVE_LONG_LONG_INT 1
| #define HAVE_RAW_DECL_MEMMEM 1
| #define HAVE_RAW_DECL_MEMPCPY 1
| #define HAVE_RAW_DECL_MEMRCHR 1
| #define HAVE_RAW_DECL_RAWMEMCHR 1
| #define HAVE_RAW_DECL_STPCPY 1
| #define HAVE_RAW_DECL_STPNCPY 1
| #define HAVE_RAW_DECL_STRCHRNUL 1
| #define HAVE_RAW_DECL_STRDUP 1
| #define HAVE_RAW_DECL_STRNCAT 1
| #define HAVE_RAW_DECL_STRNDUP 1
| #define HAVE_RAW_DECL_STRNLEN 1
| #define HAVE_RAW_DECL_STRPBRK 1
| #define HAVE_RAW_DECL_STRSEP 1
| #define HAVE_RAW_DECL_STRCASESTR 1
| #define HAVE_RAW_DECL_STRTOK_R 1
| #define HAVE_RAW_DECL_STRERROR_R 1
| #define HAVE_RAW_DECL_STRSIGNAL 1
| #define HAVE_RAW_DECL_STRVERSCMP 1
| #define GNULIB_TEST_MEMCHR 1
| #define HAVE_MEMMEM 1
| #define GNULIB_TEST_MEMMEM 1
| #define HAVE_STRUCT_SIGACTION_SA_SIGACTION 1
| #define GNULIB_TEST_SIGACTION 1
| /* end confdefs.h.  */
| 
| #include <signal.h>
| 
| 
| int
| main ()
| {
| if (sizeof ((volatile sig_atomic_t)))
| 	    return 0;
|   ;
|   return 0;
| }
configure:15735: result: yes
configure:15749: checking for sighandler_t
configure:15749: gcc -c -g -O2  conftest.c >&5
configure:15749: $? = 0
configure:15749: gcc -c -g -O2  conftest.c >&5
conftest.c: In function 'main':
conftest.c:72:27: error: expected expression before ')' token
 if (sizeof ((sighandler_t)))
                           ^
configure:15749: $? = 1
configure: failed program was:
| /* confdefs.h */
| #define PACKAGE_NAME "avermore"
| #define PACKAGE_TARNAME "avermore"
| #define PACKAGE_VERSION "1.4.1"
| #define PACKAGE_STRING "avermore 1.4.1"
| #define PACKAGE_BUGREPORT ""
| #define PACKAGE_URL "https://github.com/brian112358/avermore-miner"
| #define PACKAGE "avermore"
| #define VERSION "1.4.1"
| #define STDC_HEADERS 1
| #define HAVE_SYS_TYPES_H 1
| #define HAVE_SYS_STAT_H 1
| #define HAVE_STDLIB_H 1
| #define HAVE_STRING_H 1
| #define HAVE_MEMORY_H 1
| #define HAVE_STRINGS_H 1
| #define HAVE_INTTYPES_H 1
| #define HAVE_STDINT_H 1
| #define HAVE_UNISTD_H 1
| #define __EXTENSIONS__ 1
| #define _ALL_SOURCE 1
| #define _GNU_SOURCE 1
| #define _POSIX_PTHREAD_SEMANTICS 1
| #define _TANDEM_SOURCE 1
| #define HAVE_DLFCN_H 1
| #define LT_OBJDIR ".libs/"
| #define HAVE_SYS_MMAN_H 1
| #define HAVE_WCHAR_H 1
| #define HAVE_STDINT_H 1
| #define HAVE_MPROTECT 1
| #define HAVE_SIGACTION 1
| #define HAVE_SIGALTSTACK 1
| #define HAVE_SIGINTERRUPT 1
| #define HAVE_MAP_ANONYMOUS 1
| #define HAVE_DECL_MEMMEM 1
| #define HAVE_MEMMEM 1
| #define restrict __restrict
| #define HAVE_WCHAR_T 1
| #define HAVE_UNSIGNED_LONG_LONG_INT 1
| #define HAVE_LONG_LONG_INT 1
| #define HAVE_RAW_DECL_MEMMEM 1
| #define HAVE_RAW_DECL_MEMPCPY 1
| #define HAVE_RAW_DECL_MEMRCHR 1
| #define HAVE_RAW_DECL_RAWMEMCHR 1
| #define HAVE_RAW_DECL_STPCPY 1
| #define HAVE_RAW_DECL_STPNCPY 1
| #define HAVE_RAW_DECL_STRCHRNUL 1
| #define HAVE_RAW_DECL_STRDUP 1
| #define HAVE_RAW_DECL_STRNCAT 1
| #define HAVE_RAW_DECL_STRNDUP 1
| #define HAVE_RAW_DECL_STRNLEN 1
| #define HAVE_RAW_DECL_STRPBRK 1
| #define HAVE_RAW_DECL_STRSEP 1
| #define HAVE_RAW_DECL_STRCASESTR 1
| #define HAVE_RAW_DECL_STRTOK_R 1
| #define HAVE_RAW_DECL_STRERROR_R 1
| #define HAVE_RAW_DECL_STRSIGNAL 1
| #define HAVE_RAW_DECL_STRVERSCMP 1
| #define GNULIB_TEST_MEMCHR 1
| #define HAVE_MEMMEM 1
| #define GNULIB_TEST_MEMMEM 1
| #define HAVE_STRUCT_SIGACTION_SA_SIGACTION 1
| #define GNULIB_TEST_SIGACTION 1
| /* end confdefs.h.  */
| 
| #include <signal.h>
| 
| 
| int
| main ()
| {
| if (sizeof ((sighandler_t)))
| 	    return 0;
|   ;
|   return 0;
| }
configure:15749: result: yes
configure:15763: checking whether sigaction is declared without a macro
configure:15781: gcc -c -g -O2  conftest.c >&5
configure:15781: $? = 0
configure:15789: result: yes
configure:15763: checking whether sigaddset is declared without a macro
configure:15781: gcc -c -g -O2  conftest.c >&5
configure:15781: $? = 0
configure:15789: result: yes
configure:15763: checking whether sigdelset is declared without a macro
configure:15781: gcc -c -g -O2  conftest.c >&5
configure:15781: $? = 0
configure:15789: result: yes
configure:15763: checking whether sigemptyset is declared without a macro
configure:15781: gcc -c -g -O2  conftest.c >&5
configure:15781: $? = 0
configure:15789: result: yes
configure:15763: checking whether sigfillset is declared without a macro
configure:15781: gcc -c -g -O2  conftest.c >&5
configure:15781: $? = 0
configure:15789: result: yes
configure:15763: checking whether sigismember is declared without a macro
configure:15781: gcc -c -g -O2  conftest.c >&5
configure:15781: $? = 0
configure:15789: result: yes
configure:15763: checking whether sigpending is declared without a macro
configure:15781: gcc -c -g -O2  conftest.c >&5
configure:15781: $? = 0
configure:15789: result: yes
configure:15763: checking whether sigprocmask is declared without a macro
configure:15781: gcc -c -g -O2  conftest.c >&5
configure:15781: $? = 0
configure:15789: result: yes
configure:15818: checking for sigprocmask
configure:15818: gcc -o conftest -g -O2   conftest.c  >&5
configure:15818: $? = 0
configure:15818: result: yes
configure:15885: checking whether NULL can be used in arbitrary expressions
configure:15903: gcc -c -g -O2  conftest.c >&5
configure:15903: $? = 0
configure:15910: result: yes
configure:16025: checking for ANSI C header files
configure:16129: result: yes
configure:16139: checking syslog.h usability
configure:16139: gcc -c -g -O2  conftest.c >&5
configure:16139: $? = 0
configure:16139: result: yes
configure:16139: checking syslog.h presence
configure:16139: gcc -E  conftest.c
configure:16139: $? = 0
configure:16139: result: yes
configure:16139: checking for syslog.h
configure:16139: result: yes
configure:16150: checking for size_t
configure:16150: gcc -c -g -O2  conftest.c >&5
configure:16150: $? = 0
configure:16150: gcc -c -g -O2  conftest.c >&5
conftest.c: In function 'main':
conftest.c:112:21: error: expected expression before ')' token
 if (sizeof ((size_t)))
                     ^
configure:16150: $? = 1
configure: failed program was:
| /* confdefs.h */
| #define PACKAGE_NAME "avermore"
| #define PACKAGE_TARNAME "avermore"
| #define PACKAGE_VERSION "1.4.1"
| #define PACKAGE_STRING "avermore 1.4.1"
| #define PACKAGE_BUGREPORT ""
| #define PACKAGE_URL "https://github.com/brian112358/avermore-miner"
| #define PACKAGE "avermore"
| #define VERSION "1.4.1"
| #define STDC_HEADERS 1
| #define HAVE_SYS_TYPES_H 1
| #define HAVE_SYS_STAT_H 1
| #define HAVE_STDLIB_H 1
| #define HAVE_STRING_H 1
| #define HAVE_MEMORY_H 1
| #define HAVE_STRINGS_H 1
| #define HAVE_INTTYPES_H 1
| #define HAVE_STDINT_H 1
| #define HAVE_UNISTD_H 1
| #define __EXTENSIONS__ 1
| #define _ALL_SOURCE 1
| #define _GNU_SOURCE 1
| #define _POSIX_PTHREAD_SEMANTICS 1
| #define _TANDEM_SOURCE 1
| #define HAVE_DLFCN_H 1
| #define LT_OBJDIR ".libs/"
| #define HAVE_SYS_MMAN_H 1
| #define HAVE_WCHAR_H 1
| #define HAVE_STDINT_H 1
| #define HAVE_MPROTECT 1
| #define HAVE_SIGACTION 1
| #define HAVE_SIGALTSTACK 1
| #define HAVE_SIGINTERRUPT 1
| #define HAVE_MAP_ANONYMOUS 1
| #define HAVE_DECL_MEMMEM 1
| #define HAVE_MEMMEM 1
| #define restrict __restrict
| #define HAVE_WCHAR_T 1
| #define HAVE_UNSIGNED_LONG_LONG_INT 1
| #define HAVE_LONG_LONG_INT 1
| #define HAVE_RAW_DECL_MEMMEM 1
| #define HAVE_RAW_DECL_MEMPCPY 1
| #define HAVE_RAW_DECL_MEMRCHR 1
| #define HAVE_RAW_DECL_RAWMEMCHR 1
| #define HAVE_RAW_DECL_STPCPY 1
| #define HAVE_RAW_DECL_STPNCPY 1
| #define HAVE_RAW_DECL_STRCHRNUL 1
| #define HAVE_RAW_DECL_STRDUP 1
| #define HAVE_RAW_DECL_STRNCAT 1
| #define HAVE_RAW_DECL_STRNDUP 1
| #define HAVE_RAW_DECL_STRNLEN 1
| #define HAVE_RAW_DECL_STRPBRK 1
| #define HAVE_RAW_DECL_STRSEP 1
| #define HAVE_RAW_DECL_STRCASESTR 1
| #define HAVE_RAW_DECL_STRTOK_R 1
| #define HAVE_RAW_DECL_STRERROR_R 1
| #define HAVE_RAW_DECL_STRSIGNAL 1
| #define HAVE_RAW_DECL_STRVERSCMP 1
| #define GNULIB_TEST_MEMCHR 1
| #define HAVE_MEMMEM 1
| #define GNULIB_TEST_MEMMEM 1
| #define HAVE_STRUCT_SIGACTION_SA_SIGACTION 1
| #define GNULIB_TEST_SIGACTION 1
| #define HAVE_RAW_DECL_SIGACTION 1
| #define HAVE_RAW_DECL_SIGADDSET 1
| #define HAVE_RAW_DECL_SIGDELSET 1
| #define HAVE_RAW_DECL_SIGEMPTYSET 1
| #define HAVE_RAW_DECL_SIGFILLSET 1
| #define HAVE_RAW_DECL_SIGISMEMBER 1
| #define HAVE_RAW_DECL_SIGPENDING 1
| #define HAVE_RAW_DECL_SIGPROCMASK 1
| #define GNULIB_TEST_SIGPROCMASK 1
| #define STDC_HEADERS 1
| #define HAVE_SYSLOG_H 1
| /* end confdefs.h.  */
| #include <stdio.h>
| #ifdef HAVE_SYS_TYPES_H
| # include <sys/types.h>
| #endif
| #ifdef HAVE_SYS_STAT_H
| # include <sys/stat.h>
| #endif
| #ifdef STDC_HEADERS
| # include <stdlib.h>
| # include <stddef.h>
| #else
| # ifdef HAVE_STDLIB_H
| #  include <stdlib.h>
| # endif
| #endif
| #ifdef HAVE_STRING_H
| # if !defined STDC_HEADERS && defined HAVE_MEMORY_H
| #  include <memory.h>
| # endif
| # include <string.h>
| #endif
| #ifdef HAVE_STRINGS_H
| # include <strings.h>
| #endif
| #ifdef HAVE_INTTYPES_H
| # include <inttypes.h>
| #endif
| #ifdef HAVE_STDINT_H
| # include <stdint.h>
| #endif
| #ifdef HAVE_UNISTD_H
| # include <unistd.h>
| #endif
| int
| main ()
| {
| if (sizeof ((size_t)))
| 	    return 0;
|   ;
|   return 0;
| }
configure:16150: result: yes
configure:16163: checking for working alloca.h
configure:16180: gcc -o conftest -g -O2   conftest.c  >&5
configure:16180: $? = 0
configure:16188: result: yes
configure:16196: checking for alloca
configure:16233: gcc -o conftest -g -O2   conftest.c  >&5
configure:16233: $? = 0
configure:16241: result: yes
configure:16426: checking for OpenCL
configure:16449: gcc -o conftest -g -O2 -I/opt/AMDAPPSDK-3.0/include    conftest.c  -L/opt/AMDAPPSDK-3.0/lib/x86_64 -lOpenCL >&5
configure:16449: $? = 0
configure:16450: result: yes
configure:16519: checking for pthread_create in -lpthread
configure:16544: gcc -o conftest -g -O2   conftest.c -lpthread   >&5
configure:16544: $? = 0
configure:16553: result: yes
configure:16593: checking for ./ADL_SDK/adl_sdk.h
configure:16607: result: no
configure:16693: checking for library containing addstr
configure:16724: gcc -o conftest -g -O2   conftest.c -lpthread  >&5
/tmp/ccTGqKgv.o: In function `main':
/root/avermore-miner-master/conftest.c:90: undefined reference to `addstr'
collect2: error: ld returned 1 exit status
configure:16724: $? = 1
configure: failed program was:
| /* confdefs.h */
| #define PACKAGE_NAME "avermore"
| #define PACKAGE_TARNAME "avermore"
| #define PACKAGE_VERSION "1.4.1"
| #define PACKAGE_STRING "avermore 1.4.1"
| #define PACKAGE_BUGREPORT ""
| #define PACKAGE_URL "https://github.com/brian112358/avermore-miner"
| #define PACKAGE "avermore"
| #define VERSION "1.4.1"
| #define STDC_HEADERS 1
| #define HAVE_SYS_TYPES_H 1
| #define HAVE_SYS_STAT_H 1
| #define HAVE_STDLIB_H 1
| #define HAVE_STRING_H 1
| #define HAVE_MEMORY_H 1
| #define HAVE_STRINGS_H 1
| #define HAVE_INTTYPES_H 1
| #define HAVE_STDINT_H 1
| #define HAVE_UNISTD_H 1
| #define __EXTENSIONS__ 1
| #define _ALL_SOURCE 1
| #define _GNU_SOURCE 1
| #define _POSIX_PTHREAD_SEMANTICS 1
| #define _TANDEM_SOURCE 1
| #define HAVE_DLFCN_H 1
| #define LT_OBJDIR ".libs/"
| #define HAVE_SYS_MMAN_H 1
| #define HAVE_WCHAR_H 1
| #define HAVE_STDINT_H 1
| #define HAVE_MPROTECT 1
| #define HAVE_SIGACTION 1
| #define HAVE_SIGALTSTACK 1
| #define HAVE_SIGINTERRUPT 1
| #define HAVE_MAP_ANONYMOUS 1
| #define HAVE_DECL_MEMMEM 1
| #define HAVE_MEMMEM 1
| #define restrict __restrict
| #define HAVE_WCHAR_T 1
| #define HAVE_UNSIGNED_LONG_LONG_INT 1
| #define HAVE_LONG_LONG_INT 1
| #define HAVE_RAW_DECL_MEMMEM 1
| #define HAVE_RAW_DECL_MEMPCPY 1
| #define HAVE_RAW_DECL_MEMRCHR 1
| #define HAVE_RAW_DECL_RAWMEMCHR 1
| #define HAVE_RAW_DECL_STPCPY 1
| #define HAVE_RAW_DECL_STPNCPY 1
| #define HAVE_RAW_DECL_STRCHRNUL 1
| #define HAVE_RAW_DECL_STRDUP 1
| #define HAVE_RAW_DECL_STRNCAT 1
| #define HAVE_RAW_DECL_STRNDUP 1
| #define HAVE_RAW_DECL_STRNLEN 1
| #define HAVE_RAW_DECL_STRPBRK 1
| #define HAVE_RAW_DECL_STRSEP 1
| #define HAVE_RAW_DECL_STRCASESTR 1
| #define HAVE_RAW_DECL_STRTOK_R 1
| #define HAVE_RAW_DECL_STRERROR_R 1
| #define HAVE_RAW_DECL_STRSIGNAL 1
| #define HAVE_RAW_DECL_STRVERSCMP 1
| #define GNULIB_TEST_MEMCHR 1
| #define HAVE_MEMMEM 1
| #define GNULIB_TEST_MEMMEM 1
| #define HAVE_STRUCT_SIGACTION_SA_SIGACTION 1
| #define GNULIB_TEST_SIGACTION 1
| #define HAVE_RAW_DECL_SIGACTION 1
| #define HAVE_RAW_DECL_SIGADDSET 1
| #define HAVE_RAW_DECL_SIGDELSET 1
| #define HAVE_RAW_DECL_SIGEMPTYSET 1
| #define HAVE_RAW_DECL_SIGFILLSET 1
| #define HAVE_RAW_DECL_SIGISMEMBER 1
| #define HAVE_RAW_DECL_SIGPENDING 1
| #define HAVE_RAW_DECL_SIGPROCMASK 1
| #define GNULIB_TEST_SIGPROCMASK 1
| #define STDC_HEADERS 1
| #define HAVE_SYSLOG_H 1
| #define HAVE_ALLOCA_H 1
| #define HAVE_ALLOCA 1
| #define HAVE_LIBPTHREAD 1
| /* end confdefs.h.  */
| 
| /* Override any GCC internal prototype to avoid an error.
|    Use char because int might match the return type of a GCC
|    builtin and then its argument prototype would still apply.  */
| #ifdef __cplusplus
| extern "C"
| #endif
| char addstr ();
| int
| main ()
| {
| return addstr ();
|   ;
|   return 0;
| }
configure:16724: gcc -o conftest -g -O2   conftest.c -lncurses  -lpthread  >&5
configure:16724: $? = 0
configure:16741: result: -lncurses
configure:16853: checking for pkg-config
configure:16871: found /usr/bin/pkg-config
configure:16883: result: /usr/bin/pkg-config
configure:16908: checking pkg-config is at least version 0.9.0
configure:16911: result: yes
configure:16942: checking for LIBCURL
configure:16949: $PKG_CONFIG --exists --print-errors "libcurl >= 7.25.0"
configure:16952: $? = 0
configure:16966: $PKG_CONFIG --exists --print-errors "libcurl >= 7.25.0"
configure:16969: $? = 0
configure:17147: result: yes
configure:17238: checking whether to use git version if available
configure:17245: checking for git
configure:17261: found /usr/bin/git
configure:17272: result: git
configure:17283: checking for .git/
configure:17296: result: no
configure:17331: gcc -c -g -O2  conftest.c >&5
configure:17331: $? = 0
configure:17368: gcc -c -g -O2  conftest.c >&5
configure:17368: $? = 0
configure:17378: gcc -c -g -O2  conftest.c >&5
configure:17378: $? = 0
configure:17388: gcc -c -g -O2  conftest.c >&5
conftest.c: In function 'cleanup':
conftest.c:85:55: warning: implicit declaration of function 'exit' [-Wimplicit-function-declaration]
 static void __attribute__((noreturn)) cleanup(void) { exit(1); }
                                                       ^
conftest.c:85:55: warning: incompatible implicit declaration of built-in function 'exit'
conftest.c:85:55: note: include '<stdlib.h>' or provide a declaration of 'exit'
configure:17388: $? = 0
configure:17398: gcc -c -g -O2  conftest.c >&5
configure:17398: $? = 0
configure:17408: gcc -c -g -O2  conftest.c >&5
configure:17408: $? = 0
configure:17418: gcc -c -g -O2  conftest.c >&5
configure:17418: $? = 0
configure:17428: gcc -o conftest -g -O2   conftest.c -lncurses -lpthread  >&5
configure:17428: $? = 0
configure:17439: gcc -o conftest -g -O2   conftest.c -lncurses -lpthread  >&5
configure:17439: $? = 0
configure:17450: gcc -c -g -O2  conftest.c >&5
configure:17450: $? = 0
configure:17592: checking that generated files are newer than configure
configure:17598: result: done
configure:17693: creating ./config.status

## ---------------------- ##
## Running config.status. ##
## ---------------------- ##

This file was extended by avermore config.status 1.4.1, which was
generated by GNU Autoconf 2.69.  Invocation command line was

  CONFIG_FILES    = 
  CONFIG_HEADERS  = 
  CONFIG_LINKS    = 
  CONFIG_COMMANDS = 
  $ ./config.status 

on wsminer3

config.status:1328: creating Makefile
config.status:1328: creating submodules/Makefile
config.status:1328: creating ccan/Makefile
config.status:1328: creating lib/Makefile
config.status:1328: creating sph/Makefile
config.status:1328: creating config.h
config.status:1509: config.h is unchanged
config.status:1557: executing depfiles commands
config.status:1557: executing libtool commands
configure:19907: === configuring in submodules/jansson (/root/avermore-miner-master/submodules/jansson)
configure:19970: running /bin/bash ./configure --disable-option-checking '--prefix=/usr/local'  --cache-file=/dev/null --srcdir=.

## ---------------- ##
## Cache variables. ##
## ---------------- ##

ac_cv_build=x86_64-pc-linux-gnu
ac_cv_c_compiler_gnu=yes
ac_cv_c_inline=inline
ac_cv_c_restrict=__restrict
ac_cv_env_CC_set=
ac_cv_env_CC_value=
ac_cv_env_CFLAGS_set=
ac_cv_env_CFLAGS_value=
ac_cv_env_CPPFLAGS_set=
ac_cv_env_CPPFLAGS_value=
ac_cv_env_CPP_set=
ac_cv_env_CPP_value=
ac_cv_env_LDFLAGS_set=
ac_cv_env_LDFLAGS_value=
ac_cv_env_LIBCURL_CFLAGS_set=
ac_cv_env_LIBCURL_CFLAGS_value=
ac_cv_env_LIBCURL_LIBS_set=
ac_cv_env_LIBCURL_LIBS_value=
ac_cv_env_LIBS_set=
ac_cv_env_LIBS_value=
ac_cv_env_LT_SYS_LIBRARY_PATH_set=
ac_cv_env_LT_SYS_LIBRARY_PATH_value=
ac_cv_env_PKG_CONFIG_LIBDIR_set=
ac_cv_env_PKG_CONFIG_LIBDIR_value=
ac_cv_env_PKG_CONFIG_PATH_set=
ac_cv_env_PKG_CONFIG_PATH_value=
ac_cv_env_PKG_CONFIG_set=
ac_cv_env_PKG_CONFIG_value=
ac_cv_env_build_alias_set=
ac_cv_env_build_alias_value=
ac_cv_env_host_alias_set=
ac_cv_env_host_alias_value=
ac_cv_env_target_alias_set=
ac_cv_env_target_alias_value=
ac_cv_file___ADL_SDK_adl_sdk_h=no
ac_cv_file__git_=no
ac_cv_func_alloca_works=yes
ac_cv_func_memmem=yes
ac_cv_func_mmap=yes
ac_cv_func_mprotect=yes
ac_cv_func_sigaction=yes
ac_cv_func_sigaltstack=yes
ac_cv_func_siginterrupt=yes
ac_cv_func_sigprocmask=yes
ac_cv_have_decl_memmem=yes
ac_cv_have_decl_mempcpy=yes
ac_cv_have_decl_memrchr=yes
ac_cv_have_decl_rawmemchr=yes
ac_cv_have_decl_sigaction=yes
ac_cv_have_decl_sigaddset=yes
ac_cv_have_decl_sigdelset=yes
ac_cv_have_decl_sigemptyset=yes
ac_cv_have_decl_sigfillset=yes
ac_cv_have_decl_sigismember=yes
ac_cv_have_decl_sigpending=yes
ac_cv_have_decl_sigprocmask=yes
ac_cv_have_decl_stpcpy=yes
ac_cv_have_decl_stpncpy=yes
ac_cv_have_decl_strcasestr=yes
ac_cv_have_decl_strchrnul=yes
ac_cv_have_decl_strdup=yes
ac_cv_have_decl_strerror_r=yes
ac_cv_have_decl_strncat=yes
ac_cv_have_decl_strndup=yes
ac_cv_have_decl_strnlen=yes
ac_cv_have_decl_strpbrk=yes
ac_cv_have_decl_strsep=yes
ac_cv_have_decl_strsignal=yes
ac_cv_have_decl_strtok_r=yes
ac_cv_have_decl_strverscmp=yes
ac_cv_header_dlfcn_h=yes
ac_cv_header_inttypes_h=yes
ac_cv_header_memory_h=yes
ac_cv_header_minix_config_h=no
ac_cv_header_stdc=yes
ac_cv_header_stdint_h=yes
ac_cv_header_stdlib_h=yes
ac_cv_header_string_h=yes
ac_cv_header_strings_h=yes
ac_cv_header_sys_mman_h=yes
ac_cv_header_sys_stat_h=yes
ac_cv_header_sys_types_h=yes
ac_cv_header_syslog_h=yes
ac_cv_header_unistd_h=yes
ac_cv_header_wchar_h=yes
ac_cv_host=x86_64-pc-linux-gnu
ac_cv_lib_pthread_pthread_create=yes
ac_cv_member_struct_sigaction_sa_sigaction=yes
ac_cv_objext=o
ac_cv_path_EGREP='/bin/grep -E'
ac_cv_path_FGREP='/bin/grep -F'
ac_cv_path_GREP=/bin/grep
ac_cv_path_SED=/bin/sed
ac_cv_path_ac_pt_PKG_CONFIG=/usr/bin/pkg-config
ac_cv_path_install='/usr/bin/install -c'
ac_cv_path_lt_DD=/bin/dd
ac_cv_path_mkdir=/bin/mkdir
ac_cv_prog_AWK=gawk
ac_cv_prog_CPP='gcc -E'
ac_cv_prog_GIT=git
ac_cv_prog_ac_ct_AR=ar
ac_cv_prog_ac_ct_CC=gcc
ac_cv_prog_ac_ct_MANIFEST_TOOL=mt
ac_cv_prog_ac_ct_OBJDUMP=objdump
ac_cv_prog_ac_ct_RANLIB=ranlib
ac_cv_prog_ac_ct_STRIP=strip
ac_cv_prog_cc_c89=
ac_cv_prog_cc_g=yes
ac_cv_prog_gcc_traditional=no
ac_cv_prog_make_make_set=yes
ac_cv_safe_to_define___extensions__=yes
ac_cv_search_addstr=-lncurses
ac_cv_target=x86_64-pc-linux-gnu
ac_cv_type_long_long_int=yes
ac_cv_type_sighandler_t=yes
ac_cv_type_size_t=yes
ac_cv_type_uid_t=yes
ac_cv_type_unsigned_long_long_int=yes
ac_cv_type_volatile_sig_atomic_t=yes
ac_cv_working_alloca_h=yes
am_cv_CC_dependencies_compiler_type=gcc3
am_cv_make_support_nested_variables=yes
am_cv_prog_cc_c_o=yes
gl_cv_c_multiarch=no
gl_cv_decl_null_works=yes
gl_cv_func_memchr_works=yes
gl_cv_func_memmem_works_always=yes
gl_cv_func_memmem_works_fast=yes
gl_cv_func_sigprocmask=1
gl_cv_have_include_next=yes
gl_cv_have_raw_decl_memmem=yes
gl_cv_have_raw_decl_mempcpy=yes
gl_cv_have_raw_decl_memrchr=yes
gl_cv_have_raw_decl_rawmemchr=yes
gl_cv_have_raw_decl_sigaction=yes
gl_cv_have_raw_decl_sigaddset=yes
gl_cv_have_raw_decl_sigdelset=yes
gl_cv_have_raw_decl_sigemptyset=yes
gl_cv_have_raw_decl_sigfillset=yes
gl_cv_have_raw_decl_sigismember=yes
gl_cv_have_raw_decl_sigpending=yes
gl_cv_have_raw_decl_sigprocmask=yes
gl_cv_have_raw_decl_stpcpy=yes
gl_cv_have_raw_decl_stpncpy=yes
gl_cv_have_raw_decl_strcasestr=yes
gl_cv_have_raw_decl_strchrnul=yes
gl_cv_have_raw_decl_strdup=yes
gl_cv_have_raw_decl_strerror_r=yes
gl_cv_have_raw_decl_strncat=yes
gl_cv_have_raw_decl_strndup=yes
gl_cv_have_raw_decl_strnlen=yes
gl_cv_have_raw_decl_strpbrk=yes
gl_cv_have_raw_decl_strsep=yes
gl_cv_have_raw_decl_strsignal=yes
gl_cv_have_raw_decl_strtok_r=yes
gl_cv_have_raw_decl_strverscmp=yes
gl_cv_header_working_stdint_h=yes
gl_cv_next_signal_h='<signal.h>'
gl_cv_next_stdint_h='<stdint.h>'
gl_cv_next_string_h='<string.h>'
gl_cv_pragma_columns=no
gt_cv_c_wchar_t=yes
lt_cv_ar_at_file=@
lt_cv_deplibs_check_method=pass_all
lt_cv_file_magic_cmd='$MAGIC_CMD'
lt_cv_file_magic_test_file=
lt_cv_ld_reload_flag=-r
lt_cv_nm_interface='BSD nm'
lt_cv_objdir=.libs
lt_cv_path_LD=/usr/bin/ld
lt_cv_path_NM='/usr/bin/nm -B'
lt_cv_path_mainfest_tool=no
lt_cv_prog_compiler_c_o=yes
lt_cv_prog_compiler_pic='-fPIC -DPIC'
lt_cv_prog_compiler_pic_works=yes
lt_cv_prog_compiler_rtti_exceptions=no
lt_cv_prog_compiler_static_works=yes
lt_cv_prog_gnu_ld=yes
lt_cv_sharedlib_from_linklib_cmd='printf %s\n'
lt_cv_shlibpath_overrides_runpath=no
lt_cv_sys_global_symbol_pipe='sed -n -e '\''s/^.*[	 ]\([ABCDGIRSTW][ABCDGIRSTW]*\)[	 ][	 ]*\([_A-Za-z][_A-Za-z0-9]*\)$/\1 \2 \2/p'\'' | sed '\''/ __gnu_lto/d'\'''
lt_cv_sys_global_symbol_to_c_name_address='sed -n -e '\''s/^: \(.*\) .*$/  {"\1", (void *) 0},/p'\'' -e '\''s/^[ABCDGIRSTW][ABCDGIRSTW]* .* \(.*\)$/  {"\1", (void *) \&\1},/p'\'''
lt_cv_sys_global_symbol_to_c_name_address_lib_prefix='sed -n -e '\''s/^: \(.*\) .*$/  {"\1", (void *) 0},/p'\'' -e '\''s/^[ABCDGIRSTW][ABCDGIRSTW]* .* \(lib.*\)$/  {"\1", (void *) \&\1},/p'\'' -e '\''s/^[ABCDGIRSTW][ABCDGIRSTW]* .* \(.*\)$/  {"lib\1", (void *) \&\1},/p'\'''
lt_cv_sys_global_symbol_to_cdecl='sed -n -e '\''s/^T .* \(.*\)$/extern int \1();/p'\'' -e '\''s/^[ABCDGIRSTW][ABCDGIRSTW]* .* \(.*\)$/extern char \1;/p'\'''
lt_cv_sys_global_symbol_to_import=
lt_cv_sys_max_cmd_len=1572864
lt_cv_to_host_file_cmd=func_convert_file_noop
lt_cv_to_tool_file_cmd=func_convert_file_noop
lt_cv_truncate_bin='/bin/dd bs=4096 count=1'
pkg_cv_LIBCURL_CFLAGS=
pkg_cv_LIBCURL_LIBS=-lcurl

## ----------------- ##
## Output variables. ##
## ----------------- ##

ACLOCAL='${SHELL} /root/avermore-miner-master/missing aclocal-1.15'
ADL_CPPFLAGS=''
ALLOCA=''
AMDEPBACKSLASH='\'
AMDEP_FALSE='#'
AMDEP_TRUE=''
AMTAR='$${TAR-tar}'
AM_BACKSLASH='\'
AM_DEFAULT_V='$(AM_DEFAULT_VERBOSITY)'
AM_DEFAULT_VERBOSITY='0'
AM_V='$(V)'
APPLE_UNIVERSAL_BUILD='0'
AR='ar'
AUTOCONF='${SHELL} /root/avermore-miner-master/missing autoconf'
AUTOHEADER='${SHELL} /root/avermore-miner-master/missing autoheader'
AUTOMAKE='${SHELL} /root/avermore-miner-master/missing automake-1.15'
AWK='gawk'
BITSIZEOF_PTRDIFF_T=''
BITSIZEOF_SIG_ATOMIC_T=''
BITSIZEOF_SIZE_T=''
BITSIZEOF_WCHAR_T=''
BITSIZEOF_WINT_T=''
BUILD_NUMBER=''
CC='gcc'
CCDEPMODE='depmode=gcc3'
CFLAGS='-g -O2'
CPP='gcc -E'
CPPFLAGS=''
CYGPATH_W='echo'
DEFS='-DHAVE_CONFIG_H'
DEPDIR='.deps'
DLLTOOL='false'
DLOPEN_FLAGS=''
DSYMUTIL=''
DUMPBIN=''
ECHO_C=''
ECHO_N='-n'
ECHO_T=''
EGREP='/bin/grep -E'
EXEEXT=''
FGREP='/bin/grep -F'
GIT='git'
GL_COND_LIBTOOL_FALSE=''
GL_COND_LIBTOOL_TRUE='#'
GL_GENERATE_STDDEF_H_FALSE=''
GL_GENERATE_STDDEF_H_TRUE='#'
GL_GENERATE_STDINT_H_FALSE=''
GL_GENERATE_STDINT_H_TRUE='#'
GNULIB_MBSCASECMP='0'
GNULIB_MBSCASESTR='0'
GNULIB_MBSCHR='0'
GNULIB_MBSCSPN='0'
GNULIB_MBSLEN='0'
GNULIB_MBSNCASECMP='0'
GNULIB_MBSNLEN='0'
GNULIB_MBSPBRK='0'
GNULIB_MBSPCASECMP='0'
GNULIB_MBSRCHR='0'
GNULIB_MBSSEP='0'
GNULIB_MBSSPN='0'
GNULIB_MBSSTR='0'
GNULIB_MBSTOK_R='0'
GNULIB_MEMCHR='1'
GNULIB_MEMMEM='1'
GNULIB_MEMPCPY='0'
GNULIB_MEMRCHR='0'
GNULIB_RAWMEMCHR='0'
GNULIB_SIGACTION='1'
GNULIB_SIGNAL_H_SIGPIPE='0'
GNULIB_SIGPROCMASK='1'
GNULIB_STPCPY='0'
GNULIB_STPNCPY='0'
GNULIB_STRCASESTR='0'
GNULIB_STRCHRNUL='0'
GNULIB_STRDUP='0'
GNULIB_STRERROR='0'
GNULIB_STRERROR_R='0'
GNULIB_STRNCAT='0'
GNULIB_STRNDUP='0'
GNULIB_STRNLEN='0'
GNULIB_STRPBRK='0'
GNULIB_STRSEP='0'
GNULIB_STRSIGNAL='0'
GNULIB_STRSTR='0'
GNULIB_STRTOK_R='0'
GNULIB_STRVERSCMP='0'
GREP='/bin/grep'
HAVE_CURSES_FALSE='#'
HAVE_CURSES_TRUE=''
HAVE_DECL_MEMMEM='1'
HAVE_DECL_MEMRCHR='1'
HAVE_DECL_STRDUP='1'
HAVE_DECL_STRERROR_R='1'
HAVE_DECL_STRNDUP='1'
HAVE_DECL_STRNLEN='1'
HAVE_DECL_STRSIGNAL='1'
HAVE_DECL_STRTOK_R='1'
HAVE_INTTYPES_H='1'
HAVE_LONG_LONG_INT='1'
HAVE_MBSLEN='0'
HAVE_MEMCHR='1'
HAVE_MEMPCPY='1'
HAVE_POSIX_SIGNALBLOCKING='1'
HAVE_RAWMEMCHR='1'
HAVE_SIGACTION='1'
HAVE_SIGHANDLER_T='1'
HAVE_SIGINFO_T='1'
HAVE_SIGNED_SIG_ATOMIC_T=''
HAVE_SIGNED_WCHAR_T=''
HAVE_SIGNED_WINT_T=''
HAVE_SIGSET_T='1'
HAVE_STDINT_H='1'
HAVE_STPCPY='1'
HAVE_STPNCPY='1'
HAVE_STRCASESTR='1'
HAVE_STRCHRNUL='1'
HAVE_STRPBRK='1'
HAVE_STRSEP='1'
HAVE_STRUCT_SIGACTION_SA_SIGACTION='1'
HAVE_STRVERSCMP='1'
HAVE_SYS_BITYPES_H=''
HAVE_SYS_INTTYPES_H=''
HAVE_SYS_TYPES_H='1'
HAVE_TYPE_VOLATILE_SIG_ATOMIC_T='1'
HAVE_UNSIGNED_LONG_LONG_INT='1'
HAVE_WCHAR_H='1'
HAVE_WCHAR_T='1'
HAVE_WINDOWS_FALSE=''
HAVE_WINDOWS_TRUE='#'
HAVE_x86_64_FALSE='#'
HAVE_x86_64_TRUE=''
INCLUDE_NEXT='include_next'
INCLUDE_NEXT_AS_FIRST_DIRECTIVE='include_next'
INSTALL_DATA='${INSTALL} -m 644'
INSTALL_PROGRAM='${INSTALL}'
INSTALL_SCRIPT='${INSTALL}'
INSTALL_STRIP_PROGRAM='$(install_sh) -c -s'
JANSSON_LIBS='submodules/jansson/src/.libs/libjansson.a'
LD='/usr/bin/ld -m elf_x86_64'
LDFLAGS=''
LIBCURL_CFLAGS=''
LIBCURL_LIBS='-lcurl'
LIBGNU_LIBDEPS=''
LIBGNU_LTLIBDEPS=''
LIBOBJS=''
LIBS='-lncurses -lpthread '
LIBTOOL='$(SHELL) $(top_builddir)/libtool'
LIPO=''
LN_S='ln -s'
LTLIBOBJS=''
LT_SYS_LIBRARY_PATH=''
MAINT='#'
MAINTAINER_MODE_FALSE=''
MAINTAINER_MODE_TRUE='#'
MAKEINFO='${SHELL} /root/avermore-miner-master/missing makeinfo'
MANIFEST_TOOL=':'
MATH_LIBS='-lm'
MKDIR_P='/bin/mkdir -p'
MM_LIBS=''
NCURSES_LIBS=''
NEXT_AS_FIRST_DIRECTIVE_SIGNAL_H='<signal.h>'
NEXT_AS_FIRST_DIRECTIVE_STDDEF_H=''
NEXT_AS_FIRST_DIRECTIVE_STDINT_H='<stdint.h>'
NEXT_AS_FIRST_DIRECTIVE_STRING_H='<string.h>'
NEXT_SIGNAL_H='<signal.h>'
NEXT_STDDEF_H=''
NEXT_STDINT_H='<stdint.h>'
NEXT_STRING_H='<string.h>'
NM='/usr/bin/nm -B'
NMEDIT=''
OBJDUMP='objdump'
OBJEXT='o'
OPENCL_FLAGS='-I/opt/AMDAPPSDK-3.0/include '
OPENCL_LIBS='-L/opt/AMDAPPSDK-3.0/lib/x86_64 -lOpenCL'
OTOOL64=''
OTOOL=''
PACKAGE='avermore'
PACKAGE_BUGREPORT=''
PACKAGE_NAME='avermore'
PACKAGE_STRING='avermore 1.4.1'
PACKAGE_TARNAME='avermore'
PACKAGE_URL='https://github.com/brian112358/avermore-miner'
PACKAGE_VERSION='1.4.1'
PATH_SEPARATOR=':'
PDCURSES_LIBS=''
PKG_CONFIG='/usr/bin/pkg-config'
PKG_CONFIG_LIBDIR=''
PKG_CONFIG_PATH=''
PRAGMA_COLUMNS=''
PRAGMA_SYSTEM_HEADER='#pragma GCC system_header'
PTHREAD_FLAGS='-lpthread'
PTHREAD_LIBS='-lpthread'
PTRDIFF_T_SUFFIX=''
RANLIB='ranlib'
REPLACE_MEMCHR='0'
REPLACE_MEMMEM='0'
REPLACE_NULL='0'
REPLACE_STPNCPY='0'
REPLACE_STRCASESTR='0'
REPLACE_STRCHRNUL='0'
REPLACE_STRDUP='0'
REPLACE_STRERROR='0'
REPLACE_STRERROR_R='0'
REPLACE_STRNCAT='0'
REPLACE_STRNDUP='0'
REPLACE_STRNLEN='0'
REPLACE_STRSIGNAL='0'
REPLACE_STRSTR='0'
REPLACE_STRTOK_R='0'
RT_LIBS='-lrt'
SED='/bin/sed'
SET_MAKE=''
SHELL='/bin/bash'
SIG_ATOMIC_T_SUFFIX=''
SIZE_T_SUFFIX=''
STDDEF_H=''
STDINT_H=''
STRIP='strip'
UNDEFINE_STRTOK_R='0'
USE_BUILD_NUMBER_FALSE=''
USE_BUILD_NUMBER_TRUE='#'
USE_GIT_VERSION_FALSE=''
USE_GIT_VERSION_TRUE='#'
VERSION='1.4.1'
WCHAR_T_SUFFIX=''
WINT_T_SUFFIX=''
WS2_LIBS=''
ac_ct_AR='ar'
ac_ct_CC='gcc'
ac_ct_DUMPBIN=''
am__EXEEXT_FALSE=''
am__EXEEXT_TRUE='#'
am__fastdepCC_FALSE='#'
am__fastdepCC_TRUE=''
am__include='include'
am__isrc=''
am__leading_dot='.'
am__nodep='_no'
am__quote=''
am__tar='$${TAR-tar} chof - "$$tardir"'
am__untar='$${TAR-tar} xf -'
bindir='${exec_prefix}/bin'
build='x86_64-pc-linux-gnu'
build_alias=''
build_cpu='x86_64'
build_os='linux-gnu'
build_vendor='pc'
datadir='${datarootdir}'
datarootdir='${prefix}/share'
docdir='${datarootdir}/doc/${PACKAGE_TARNAME}'
dvidir='${docdir}'
exec_prefix='${prefix}'
gl_LIBOBJS=''
gl_LTLIBOBJS=''
gltests_LIBOBJS=''
gltests_LTLIBOBJS=''
gltests_WITNESS='IN_AVERMORE_GNULIB_TESTS'
host='x86_64-pc-linux-gnu'
host_alias=''
host_cpu='x86_64'
host_os='linux-gnu'
host_vendor='pc'
htmldir='${docdir}'
includedir='${prefix}/include'
infodir='${datarootdir}/info'
install_sh='${SHELL} /root/avermore-miner-master/install-sh'
libdir='${exec_prefix}/lib'
libexecdir='${exec_prefix}/libexec'
localedir='${datarootdir}/locale'
localstatedir='${prefix}/var'
mandir='${datarootdir}/man'
mkdir_p='$(MKDIR_P)'
oldincludedir='/usr/include'
pdfdir='${docdir}'
prefix='/usr/local'
program_transform_name='s,x,x,'
psdir='${docdir}'
runstatedir='${localstatedir}/run'
sbindir='${exec_prefix}/sbin'
sharedstatedir='${prefix}/com'
subdirs=' submodules/jansson'
sysconfdir='${prefix}/etc'
target='x86_64-pc-linux-gnu'
target_alias=''
target_cpu='x86_64'
target_os='linux-gnu'
target_vendor='pc'

## ----------- ##
## confdefs.h. ##
## ----------- ##

/* confdefs.h */
#define PACKAGE_NAME "avermore"
#define PACKAGE_TARNAME "avermore"
#define PACKAGE_VERSION "1.4.1"
#define PACKAGE_STRING "avermore 1.4.1"
#define PACKAGE_BUGREPORT ""
#define PACKAGE_URL "https://github.com/brian112358/avermore-miner"
#define PACKAGE "avermore"
#define VERSION "1.4.1"
#define STDC_HEADERS 1
#define HAVE_SYS_TYPES_H 1
#define HAVE_SYS_STAT_H 1
#define HAVE_STDLIB_H 1
#define HAVE_STRING_H 1
#define HAVE_MEMORY_H 1
#define HAVE_STRINGS_H 1
#define HAVE_INTTYPES_H 1
#define HAVE_STDINT_H 1
#define HAVE_UNISTD_H 1
#define __EXTENSIONS__ 1
#define _ALL_SOURCE 1
#define _GNU_SOURCE 1
#define _POSIX_PTHREAD_SEMANTICS 1
#define _TANDEM_SOURCE 1
#define HAVE_DLFCN_H 1
#define LT_OBJDIR ".libs/"
#define HAVE_SYS_MMAN_H 1
#define HAVE_WCHAR_H 1
#define HAVE_STDINT_H 1
#define HAVE_MPROTECT 1
#define HAVE_SIGACTION 1
#define HAVE_SIGALTSTACK 1
#define HAVE_SIGINTERRUPT 1
#define HAVE_MAP_ANONYMOUS 1
#define HAVE_DECL_MEMMEM 1
#define HAVE_MEMMEM 1
#define restrict __restrict
#define HAVE_WCHAR_T 1
#define HAVE_UNSIGNED_LONG_LONG_INT 1
#define HAVE_LONG_LONG_INT 1
#define HAVE_RAW_DECL_MEMMEM 1
#define HAVE_RAW_DECL_MEMPCPY 1
#define HAVE_RAW_DECL_MEMRCHR 1
#define HAVE_RAW_DECL_RAWMEMCHR 1
#define HAVE_RAW_DECL_STPCPY 1
#define HAVE_RAW_DECL_STPNCPY 1
#define HAVE_RAW_DECL_STRCHRNUL 1
#define HAVE_RAW_DECL_STRDUP 1
#define HAVE_RAW_DECL_STRNCAT 1
#define HAVE_RAW_DECL_STRNDUP 1
#define HAVE_RAW_DECL_STRNLEN 1
#define HAVE_RAW_DECL_STRPBRK 1
#define HAVE_RAW_DECL_STRSEP 1
#define HAVE_RAW_DECL_STRCASESTR 1
#define HAVE_RAW_DECL_STRTOK_R 1
#define HAVE_RAW_DECL_STRERROR_R 1
#define HAVE_RAW_DECL_STRSIGNAL 1
#define HAVE_RAW_DECL_STRVERSCMP 1
#define GNULIB_TEST_MEMCHR 1
#define HAVE_MEMMEM 1
#define GNULIB_TEST_MEMMEM 1
#define HAVE_STRUCT_SIGACTION_SA_SIGACTION 1
#define GNULIB_TEST_SIGACTION 1
#define HAVE_RAW_DECL_SIGACTION 1
#define HAVE_RAW_DECL_SIGADDSET 1
#define HAVE_RAW_DECL_SIGDELSET 1
#define HAVE_RAW_DECL_SIGEMPTYSET 1
#define HAVE_RAW_DECL_SIGFILLSET 1
#define HAVE_RAW_DECL_SIGISMEMBER 1
#define HAVE_RAW_DECL_SIGPENDING 1
#define HAVE_RAW_DECL_SIGPROCMASK 1
#define GNULIB_TEST_SIGPROCMASK 1
#define STDC_HEADERS 1
#define HAVE_SYSLOG_H 1
#define HAVE_ALLOCA_H 1
#define HAVE_ALLOCA 1
#define HAVE_LIBPTHREAD 1
#define HAVE_CURSES 1
#define CURL_HAS_KEEPALIVE 1
#define HAVE_LIBCURL 1
#define EXECV_2ND_ARG_TYPE char* const*
#define HAVE_ATTRIBUTE_COLD 1
#define HAVE_ATTRIBUTE_CONST 1
#define HAVE_ATTRIBUTE_NORETURN 1
#define HAVE_ATTRIBUTE_PRINTF 1
#define HAVE_ATTRIBUTE_UNUSED 1
#define HAVE_ATTRIBUTE_USED 1
#define HAVE_BUILTIN_CONSTANT_P 1
#define HAVE_BUILTIN_TYPES_COMPATIBLE_P 1
#define HAVE_WARN_UNUSED_RESULT 1
#define SGMINER_PREFIX "/usr/local/bin"

configure: exit 0
